gradleBuild/intermediates/manifest_merge_blame_file/debug/manifest-merger-blame-debug-report.txt
1<?xml version="1.0" encoding="utf-8"?>
2<manifest xmlns:android="http://schemas.android.com/apk/res/android"
3    package="org.tensorflow.demo" >
4
5    <uses-sdk
6        android:minSdkVersion="21"
6-->GitHub\AccentureTektalkFinal\AndroidManifest.xml
7        android:targetSdkVersion="29" />
7-->GitHub\AccentureTektalkFinal\AndroidManifest.xml
8
9    <uses-permission android:name="android.permission.CAMERA" />
9-->GitHub\AccentureTektalkFinal\AndroidManifest.xml:6:5-65
9-->GitHub\AccentureTektalkFinal\AndroidManifest.xml:6:22-62
10    <uses-permission android:name="android.permission.INTERNET" />
10-->GitHub\AccentureTektalkFinal\AndroidManifest.xml:7:5-67
10-->GitHub\AccentureTektalkFinal\AndroidManifest.xml:7:22-64
11    <uses-permission android:name="android.permission.ACCESS_NETWORK_STATE" />
11-->GitHub\AccentureTektalkFinal\AndroidManifest.xml:8:5-79
11-->GitHub\AccentureTektalkFinal\AndroidManifest.xml:8:22-76
12
13    <uses-feature
13-->GitHub\AccentureTektalkFinal\AndroidManifest.xml:10:5-12:36
14        android:name="android.hardware.camera"
14-->GitHub\AccentureTektalkFinal\AndroidManifest.xml:11:9-47
15        android:required="false" />
15-->GitHub\AccentureTektalkFinal\AndroidManifest.xml:12:9-33
16    <uses-feature
16-->GitHub\AccentureTektalkFinal\AndroidManifest.xml:13:5-15:36
17        android:name="android.hardware.camera.autofocus"
17-->GitHub\AccentureTektalkFinal\AndroidManifest.xml:14:9-57
18        android:required="false" />
18-->GitHub\AccentureTektalkFinal\AndroidManifest.xml:15:9-33
19    <uses-feature
19-->GitHub\AccentureTektalkFinal\AndroidManifest.xml:16:5-18:36
20        android:name="android.software.leanback"
20-->GitHub\AccentureTektalkFinal\AndroidManifest.xml:17:9-49
21        android:required="false" />
21-->GitHub\AccentureTektalkFinal\AndroidManifest.xml:18:9-33
22
23    <uses-permission android:name="android.permission.WRITE_EXTERNAL_STORAGE" />
23-->GitHub\AccentureTektalkFinal\AndroidManifest.xml:20:5-81
23-->GitHub\AccentureTektalkFinal\AndroidManifest.xml:20:22-78
24    <uses-permission android:name="android.permission.RECORD_AUDIO" />
24-->GitHub\AccentureTektalkFinal\AndroidManifest.xml:21:5-71
24-->GitHub\AccentureTektalkFinal\AndroidManifest.xml:21:22-68
25    <uses-permission android:name="android.permission.READ_PHONE_STATE" />
26    <uses-permission android:name="android.permission.READ_EXTERNAL_STORAGE" />
27
28    <application
28-->GitHub\AccentureTektalkFinal\AndroidManifest.xml:23:5-45:19
29        android:allowBackup="true"
29-->GitHub\AccentureTektalkFinal\AndroidManifest.xml:24:9-35
30        android:appComponentFactory="androidx.core.app.CoreComponentFactory"
30-->[androidx.core:core:1.3.0] AndroidManifest.xml:24:18-86
31        android:debuggable="true"
32        android:icon="@drawable/logo_tektalk"
32-->GitHub\AccentureTektalkFinal\AndroidManifest.xml:25:9-46
33        android:label="@string/app_name"
33-->GitHub\AccentureTektalkFinal\AndroidManifest.xml:26:9-41
34        android:theme="@style/Theme.AppCompat.Light" >
34-->GitHub\AccentureTektalkFinal\AndroidManifest.xml:27:9-53
35        <activity android:name="org.tensorflow.demo.MainActivity" >
35-->GitHub\AccentureTektalkFinal\AndroidManifest.xml:29:9-36:20
35-->GitHub\AccentureTektalkFinal\AndroidManifest.xml:29:19-47
36            <intent-filter>
36-->GitHub\AccentureTektalkFinal\AndroidManifest.xml:30:13-35:29
37                <action android:name="android.intent.action.MAIN" />
37-->GitHub\AccentureTektalkFinal\AndroidManifest.xml:31:17-69
37-->GitHub\AccentureTektalkFinal\AndroidManifest.xml:31:25-66
38
39                <category android:name="android.intent.category.LAUNCHER" />
39-->GitHub\AccentureTektalkFinal\AndroidManifest.xml:33:17-77
39-->GitHub\AccentureTektalkFinal\AndroidManifest.xml:33:27-74
40                <category android:name="android.intent.category.LEANBACK_LAUNCHER" />
40-->GitHub\AccentureTektalkFinal\AndroidManifest.xml:34:17-86
40-->GitHub\AccentureTektalkFinal\AndroidManifest.xml:34:27-83
41            </intent-filter>
42        </activity>
43        <activity
43-->GitHub\AccentureTektalkFinal\AndroidManifest.xml:37:9-40:52
44            android:name="org.tensorflow.demo.DetectorActivity"
44-->GitHub\AccentureTektalkFinal\AndroidManifest.xml:38:13-45
45            android:label="@string/activity_name_detection"
45-->GitHub\AccentureTektalkFinal\AndroidManifest.xml:39:13-60
46            android:screenOrientation="portrait" />
46-->GitHub\AccentureTektalkFinal\AndroidManifest.xml:40:13-49
47        <activity android:name="org.tensorflow.demo.ChooseLanguage" />
47-->GitHub\AccentureTektalkFinal\AndroidManifest.xml:41:9-52
47-->GitHub\AccentureTektalkFinal\AndroidManifest.xml:41:19-49
48        <activity android:name="org.tensorflow.demo.GameMechanicsActivity" />
48-->GitHub\AccentureTektalkFinal\AndroidManifest.xml:42:9-68
48-->GitHub\AccentureTektalkFinal\AndroidManifest.xml:42:19-56
49        <activity android:name="org.tensorflow.demo.GameActivity" />
49-->GitHub\AccentureTektalkFinal\AndroidManifest.xml:43:9-50
49-->GitHub\AccentureTektalkFinal\AndroidManifest.xml:43:19-47
50        <activity android:name="org.tensorflow.demo.Bookmark" />
50-->GitHub\AccentureTektalkFinal\AndroidManifest.xml:44:9-46
50-->GitHub\AccentureTektalkFinal\AndroidManifest.xml:44:19-43
51
52        <service
52-->[com.google.firebase:firebase-database:19.3.1] AndroidManifest.xml:29:9-35:19
53            android:name="com.google.firebase.components.ComponentDiscoveryService"
53-->[com.google.firebase:firebase-database:19.3.1] AndroidManifest.xml:30:13-84
54            android:directBootAware="true"
54-->[com.google.firebase:firebase-common:19.3.0] AndroidManifest.xml:34:13-43
55            android:exported="false" >
55-->[com.google.firebase:firebase-database:19.3.1] AndroidManifest.xml:31:13-37
56            <meta-data
56-->[com.google.firebase:firebase-database:19.3.1] AndroidManifest.xml:32:13-34:85
57                android:name="com.google.firebase.components:com.google.firebase.database.DatabaseRegistrar"
57-->[com.google.firebase:firebase-database:19.3.1] AndroidManifest.xml:33:17-109
58                android:value="com.google.firebase.components.ComponentRegistrar" />
58-->[com.google.firebase:firebase-database:19.3.1] AndroidManifest.xml:34:17-82
59        </service>
60
61        <activity
61-->[com.google.android.gms:play-services-base:17.0.0] AndroidManifest.xml:23:9-26:75
62            android:name="com.google.android.gms.common.api.GoogleApiActivity"
62-->[com.google.android.gms:play-services-base:17.0.0] AndroidManifest.xml:24:13-79
63            android:exported="false"
63-->[com.google.android.gms:play-services-base:17.0.0] AndroidManifest.xml:25:13-37
64            android:theme="@android:style/Theme.Translucent.NoTitleBar" />
64-->[com.google.android.gms:play-services-base:17.0.0] AndroidManifest.xml:26:13-72
65
66        <provider
66-->[com.google.firebase:firebase-common:19.3.0] AndroidManifest.xml:26:9-30:39
67            android:name="com.google.firebase.provider.FirebaseInitProvider"
67-->[com.google.firebase:firebase-common:19.3.0] AndroidManifest.xml:27:13-77
68            android:authorities="org.tensorflow.demo.firebaseinitprovider"
68-->[com.google.firebase:firebase-common:19.3.0] AndroidManifest.xml:28:13-72
69            android:exported="false"
69-->[com.google.firebase:firebase-common:19.3.0] AndroidManifest.xml:29:13-37
70            android:initOrder="100" />
70-->[com.google.firebase:firebase-common:19.3.0] AndroidManifest.xml:30:13-36
71
72        <meta-data
72-->[com.google.android.gms:play-services-basement:17.0.0] AndroidManifest.xml:23:9-25:69
73            android:name="com.google.android.gms.version"
73-->[com.google.android.gms:play-services-basement:17.0.0] AndroidManifest.xml:24:13-58
74            android:value="@integer/google_play_services_version" />
74-->[com.google.android.gms:play-services-basement:17.0.0] AndroidManifest.xml:25:13-66
75    </application>
76
77</manifest>